<?xml version="1.0" encoding="UTF-8"?>
<testsuite xmlns:xsi="http://www.w3.org/2001/XMLSchema-instance" xsi:noNamespaceSchemaLocation="https://maven.apache.org/surefire/maven-surefire-plugin/xsd/surefire-test-report-3.0.xsd" version="3.0" name="TestSuite" time="19.188" tests="1" errors="0" skipped="0" failures="1">
  <properties>
    <property name="gopherProxySet" value="false"/>
    <property name="awt.toolkit" value="sun.lwawt.macosx.LWCToolkit"/>
    <property name="file.encoding.pkg" value="sun.io"/>
    <property name="java.specification.version" value="1.8"/>
    <property name="webdriver.chrome.driver" value="/Users/hamzaabbaas/SeleniumUIAutomationAirBnB//src//main//java//Resources//chromedriver"/>
    <property name="sun.cpu.isalist" value=""/>
    <property name="sun.jnu.encoding" value="UTF-8"/>
    <property name="java.class.path" value="/Users/hamzaabbaas/SeleniumUIAutomationAirBnB/target/test-classes:/Users/hamzaabbaas/SeleniumUIAutomationAirBnB/target/classes:/Users/hamzaabbaas/.m2/repository/junit/junit/4.11/junit-4.11.jar:/Users/hamzaabbaas/.m2/repository/org/hamcrest/hamcrest-core/1.3/hamcrest-core-1.3.jar:/Users/hamzaabbaas/.m2/repository/org/seleniumhq/selenium/selenium-java/3.141.59/selenium-java-3.141.59.jar:/Users/hamzaabbaas/.m2/repository/org/seleniumhq/selenium/selenium-api/3.141.59/selenium-api-3.141.59.jar:/Users/hamzaabbaas/.m2/repository/org/seleniumhq/selenium/selenium-chrome-driver/3.141.59/selenium-chrome-driver-3.141.59.jar:/Users/hamzaabbaas/.m2/repository/org/seleniumhq/selenium/selenium-edge-driver/3.141.59/selenium-edge-driver-3.141.59.jar:/Users/hamzaabbaas/.m2/repository/org/seleniumhq/selenium/selenium-firefox-driver/3.141.59/selenium-firefox-driver-3.141.59.jar:/Users/hamzaabbaas/.m2/repository/org/seleniumhq/selenium/selenium-ie-driver/3.141.59/selenium-ie-driver-3.141.59.jar:/Users/hamzaabbaas/.m2/repository/org/seleniumhq/selenium/selenium-opera-driver/3.141.59/selenium-opera-driver-3.141.59.jar:/Users/hamzaabbaas/.m2/repository/org/seleniumhq/selenium/selenium-remote-driver/3.141.59/selenium-remote-driver-3.141.59.jar:/Users/hamzaabbaas/.m2/repository/org/seleniumhq/selenium/selenium-safari-driver/3.141.59/selenium-safari-driver-3.141.59.jar:/Users/hamzaabbaas/.m2/repository/org/seleniumhq/selenium/selenium-support/3.141.59/selenium-support-3.141.59.jar:/Users/hamzaabbaas/.m2/repository/net/bytebuddy/byte-buddy/1.8.15/byte-buddy-1.8.15.jar:/Users/hamzaabbaas/.m2/repository/org/apache/commons/commons-exec/1.3/commons-exec-1.3.jar:/Users/hamzaabbaas/.m2/repository/com/google/guava/guava/25.0-jre/guava-25.0-jre.jar:/Users/hamzaabbaas/.m2/repository/com/google/code/findbugs/jsr305/1.3.9/jsr305-1.3.9.jar:/Users/hamzaabbaas/.m2/repository/org/checkerframework/checker-compat-qual/2.0.0/checker-compat-qual-2.0.0.jar:/Users/hamzaabbaas/.m2/repository/com/google/errorprone/error_prone_annotations/2.1.3/error_prone_annotations-2.1.3.jar:/Users/hamzaabbaas/.m2/repository/com/google/j2objc/j2objc-annotations/1.1/j2objc-annotations-1.1.jar:/Users/hamzaabbaas/.m2/repository/org/codehaus/mojo/animal-sniffer-annotations/1.14/animal-sniffer-annotations-1.14.jar:/Users/hamzaabbaas/.m2/repository/com/squareup/okhttp3/okhttp/3.11.0/okhttp-3.11.0.jar:/Users/hamzaabbaas/.m2/repository/com/squareup/okio/okio/1.14.0/okio-1.14.0.jar:/Users/hamzaabbaas/.m2/repository/org/testng/testng/6.8/testng-6.8.jar:/Users/hamzaabbaas/.m2/repository/org/beanshell/bsh/2.0b4/bsh-2.0b4.jar:/Users/hamzaabbaas/.m2/repository/com/beust/jcommander/1.27/jcommander-1.27.jar:/Users/hamzaabbaas/.m2/repository/org/yaml/snakeyaml/1.6/snakeyaml-1.6.jar:/Users/hamzaabbaas/.m2/repository/org/apache/logging/log4j/log4j-api/2.8.2/log4j-api-2.8.2.jar:/Users/hamzaabbaas/.m2/repository/org/apache/logging/log4j/log4j-core/2.8.2/log4j-core-2.8.2.jar:/Users/hamzaabbaas/.m2/repository/commons-io/commons-io/2.6/commons-io-2.6.jar:/Users/hamzaabbaas/.m2/repository/com/aventstack/extentreports/4.1.4/extentreports-4.1.4.jar:/Users/hamzaabbaas/.m2/repository/org/freemarker/freemarker/2.3.29/freemarker-2.3.29.jar:/Users/hamzaabbaas/.m2/repository/org/apache/httpcomponents/httpclient/4.5.2/httpclient-4.5.2.jar:/Users/hamzaabbaas/.m2/repository/org/apache/httpcomponents/httpcore/4.4.4/httpcore-4.4.4.jar:/Users/hamzaabbaas/.m2/repository/commons-logging/commons-logging/1.2/commons-logging-1.2.jar:/Users/hamzaabbaas/.m2/repository/commons-codec/commons-codec/1.9/commons-codec-1.9.jar:/Users/hamzaabbaas/.m2/repository/org/apache/httpcomponents/httpmime/4.5.2/httpmime-4.5.2.jar:/Users/hamzaabbaas/.m2/repository/com/google/code/gson/gson/2.8.6/gson-2.8.6.jar:/Users/hamzaabbaas/.m2/repository/org/mongodb/mongodb-driver/3.12.0/mongodb-driver-3.12.0.jar:/Users/hamzaabbaas/.m2/repository/org/mongodb/mongodb-driver-core/3.12.0/mongodb-driver-core-3.12.0.jar:/Users/hamzaabbaas/.m2/repository/org/mongodb/bson/3.12.0/bson-3.12.0.jar:"/>
    <property name="java.vm.vendor" value="Oracle Corporation"/>
    <property name="sun.arch.data.model" value="64"/>
    <property name="java.vendor.url" value="http://java.oracle.com/"/>
    <property name="user.timezone" value="Asia/Karachi"/>
    <property name="java.vm.specification.version" value="1.8"/>
    <property name="os.name" value="Mac OS X"/>
    <property name="user.country" value="PK"/>
    <property name="sun.java.launcher" value="SUN_STANDARD"/>
    <property name="sun.boot.library.path" value="/Library/Java/JavaVirtualMachines/jdk1.8.0_231.jdk/Contents/Home/jre/lib"/>
    <property name="sun.java.command" value="/Users/hamzaabbaas/SeleniumUIAutomationAirBnB/target/surefire/surefirebooter5584175707382926915.jar /Users/hamzaabbaas/SeleniumUIAutomationAirBnB/target/surefire 2020-11-05T23-13-22_062-jvmRun1 surefire8348941060183800667tmp surefire_01281014499451618998tmp"/>
    <property name="http.nonProxyHosts" value="local|*.local|169.254/16|*.169.254/16"/>
    <property name="surefire.test.class.path" value="/Users/hamzaabbaas/SeleniumUIAutomationAirBnB/target/test-classes:/Users/hamzaabbaas/SeleniumUIAutomationAirBnB/target/classes:/Users/hamzaabbaas/.m2/repository/junit/junit/4.11/junit-4.11.jar:/Users/hamzaabbaas/.m2/repository/org/hamcrest/hamcrest-core/1.3/hamcrest-core-1.3.jar:/Users/hamzaabbaas/.m2/repository/org/seleniumhq/selenium/selenium-java/3.141.59/selenium-java-3.141.59.jar:/Users/hamzaabbaas/.m2/repository/org/seleniumhq/selenium/selenium-api/3.141.59/selenium-api-3.141.59.jar:/Users/hamzaabbaas/.m2/repository/org/seleniumhq/selenium/selenium-chrome-driver/3.141.59/selenium-chrome-driver-3.141.59.jar:/Users/hamzaabbaas/.m2/repository/org/seleniumhq/selenium/selenium-edge-driver/3.141.59/selenium-edge-driver-3.141.59.jar:/Users/hamzaabbaas/.m2/repository/org/seleniumhq/selenium/selenium-firefox-driver/3.141.59/selenium-firefox-driver-3.141.59.jar:/Users/hamzaabbaas/.m2/repository/org/seleniumhq/selenium/selenium-ie-driver/3.141.59/selenium-ie-driver-3.141.59.jar:/Users/hamzaabbaas/.m2/repository/org/seleniumhq/selenium/selenium-opera-driver/3.141.59/selenium-opera-driver-3.141.59.jar:/Users/hamzaabbaas/.m2/repository/org/seleniumhq/selenium/selenium-remote-driver/3.141.59/selenium-remote-driver-3.141.59.jar:/Users/hamzaabbaas/.m2/repository/org/seleniumhq/selenium/selenium-safari-driver/3.141.59/selenium-safari-driver-3.141.59.jar:/Users/hamzaabbaas/.m2/repository/org/seleniumhq/selenium/selenium-support/3.141.59/selenium-support-3.141.59.jar:/Users/hamzaabbaas/.m2/repository/net/bytebuddy/byte-buddy/1.8.15/byte-buddy-1.8.15.jar:/Users/hamzaabbaas/.m2/repository/org/apache/commons/commons-exec/1.3/commons-exec-1.3.jar:/Users/hamzaabbaas/.m2/repository/com/google/guava/guava/25.0-jre/guava-25.0-jre.jar:/Users/hamzaabbaas/.m2/repository/com/google/code/findbugs/jsr305/1.3.9/jsr305-1.3.9.jar:/Users/hamzaabbaas/.m2/repository/org/checkerframework/checker-compat-qual/2.0.0/checker-compat-qual-2.0.0.jar:/Users/hamzaabbaas/.m2/repository/com/google/errorprone/error_prone_annotations/2.1.3/error_prone_annotations-2.1.3.jar:/Users/hamzaabbaas/.m2/repository/com/google/j2objc/j2objc-annotations/1.1/j2objc-annotations-1.1.jar:/Users/hamzaabbaas/.m2/repository/org/codehaus/mojo/animal-sniffer-annotations/1.14/animal-sniffer-annotations-1.14.jar:/Users/hamzaabbaas/.m2/repository/com/squareup/okhttp3/okhttp/3.11.0/okhttp-3.11.0.jar:/Users/hamzaabbaas/.m2/repository/com/squareup/okio/okio/1.14.0/okio-1.14.0.jar:/Users/hamzaabbaas/.m2/repository/org/testng/testng/6.8/testng-6.8.jar:/Users/hamzaabbaas/.m2/repository/org/beanshell/bsh/2.0b4/bsh-2.0b4.jar:/Users/hamzaabbaas/.m2/repository/com/beust/jcommander/1.27/jcommander-1.27.jar:/Users/hamzaabbaas/.m2/repository/org/yaml/snakeyaml/1.6/snakeyaml-1.6.jar:/Users/hamzaabbaas/.m2/repository/org/apache/logging/log4j/log4j-api/2.8.2/log4j-api-2.8.2.jar:/Users/hamzaabbaas/.m2/repository/org/apache/logging/log4j/log4j-core/2.8.2/log4j-core-2.8.2.jar:/Users/hamzaabbaas/.m2/repository/commons-io/commons-io/2.6/commons-io-2.6.jar:/Users/hamzaabbaas/.m2/repository/com/aventstack/extentreports/4.1.4/extentreports-4.1.4.jar:/Users/hamzaabbaas/.m2/repository/org/freemarker/freemarker/2.3.29/freemarker-2.3.29.jar:/Users/hamzaabbaas/.m2/repository/org/apache/httpcomponents/httpclient/4.5.2/httpclient-4.5.2.jar:/Users/hamzaabbaas/.m2/repository/org/apache/httpcomponents/httpcore/4.4.4/httpcore-4.4.4.jar:/Users/hamzaabbaas/.m2/repository/commons-logging/commons-logging/1.2/commons-logging-1.2.jar:/Users/hamzaabbaas/.m2/repository/commons-codec/commons-codec/1.9/commons-codec-1.9.jar:/Users/hamzaabbaas/.m2/repository/org/apache/httpcomponents/httpmime/4.5.2/httpmime-4.5.2.jar:/Users/hamzaabbaas/.m2/repository/com/google/code/gson/gson/2.8.6/gson-2.8.6.jar:/Users/hamzaabbaas/.m2/repository/org/mongodb/mongodb-driver/3.12.0/mongodb-driver-3.12.0.jar:/Users/hamzaabbaas/.m2/repository/org/mongodb/mongodb-driver-core/3.12.0/mongodb-driver-core-3.12.0.jar:/Users/hamzaabbaas/.m2/repository/org/mongodb/bson/3.12.0/bson-3.12.0.jar:"/>
    <property name="sun.cpu.endian" value="little"/>
    <property name="user.home" value="/Users/hamzaabbaas"/>
    <property name="user.language" value="en"/>
    <property name="java.specification.vendor" value="Oracle Corporation"/>
    <property name="java.home" value="/Library/Java/JavaVirtualMachines/jdk1.8.0_231.jdk/Contents/Home/jre"/>
    <property name="basedir" value="/Users/hamzaabbaas/SeleniumUIAutomationAirBnB"/>
    <property name="file.separator" value="/"/>
    <property name="line.separator" value="&#10;"/>
    <property name="java.vm.specification.vendor" value="Oracle Corporation"/>
    <property name="java.specification.name" value="Java Platform API Specification"/>
    <property name="java.awt.graphicsenv" value="sun.awt.CGraphicsEnvironment"/>
    <property name="surefire.real.class.path" value="/Users/hamzaabbaas/SeleniumUIAutomationAirBnB/target/surefire/surefirebooter5584175707382926915.jar"/>
    <property name="sun.boot.class.path" value="/Library/Java/JavaVirtualMachines/jdk1.8.0_231.jdk/Contents/Home/jre/lib/resources.jar:/Library/Java/JavaVirtualMachines/jdk1.8.0_231.jdk/Contents/Home/jre/lib/rt.jar:/Library/Java/JavaVirtualMachines/jdk1.8.0_231.jdk/Contents/Home/jre/lib/sunrsasign.jar:/Library/Java/JavaVirtualMachines/jdk1.8.0_231.jdk/Contents/Home/jre/lib/jsse.jar:/Library/Java/JavaVirtualMachines/jdk1.8.0_231.jdk/Contents/Home/jre/lib/jce.jar:/Library/Java/JavaVirtualMachines/jdk1.8.0_231.jdk/Contents/Home/jre/lib/charsets.jar:/Library/Java/JavaVirtualMachines/jdk1.8.0_231.jdk/Contents/Home/jre/lib/jfr.jar:/Library/Java/JavaVirtualMachines/jdk1.8.0_231.jdk/Contents/Home/jre/classes"/>
    <property name="sun.management.compiler" value="HotSpot 64-Bit Tiered Compilers"/>
    <property name="ftp.nonProxyHosts" value="local|*.local|169.254/16|*.169.254/16"/>
    <property name="java.runtime.version" value="1.8.0_231-b11"/>
    <property name="user.name" value="hamzaabbaas"/>
    <property name="path.separator" value=":"/>
    <property name="os.version" value="10.14.6"/>
    <property name="java.endorsed.dirs" value="/Library/Java/JavaVirtualMachines/jdk1.8.0_231.jdk/Contents/Home/jre/lib/endorsed"/>
    <property name="java.runtime.name" value="Java(TM) SE Runtime Environment"/>
    <property name="file.encoding" value="UTF-8"/>
    <property name="java.vm.name" value="Java HotSpot(TM) 64-Bit Server VM"/>
    <property name="localRepository" value="/Users/hamzaabbaas/.m2/repository"/>
    <property name="java.vendor.url.bug" value="http://bugreport.sun.com/bugreport/"/>
    <property name="java.io.tmpdir" value="/var/folders/vl/n_plvhd912x3rcxh6czfynxw0000gp/T/"/>
    <property name="java.version" value="1.8.0_231"/>
    <property name="user.dir" value="/Users/hamzaabbaas/SeleniumUIAutomationAirBnB"/>
    <property name="os.arch" value="x86_64"/>
    <property name="java.vm.specification.name" value="Java Virtual Machine Specification"/>
    <property name="java.awt.printerjob" value="sun.lwawt.macosx.CPrinterJob"/>
    <property name="sun.os.patch.level" value="unknown"/>
    <property name="java.library.path" value="/Users/hamzaabbaas/Library/Java/Extensions:/Library/Java/Extensions:/Network/Library/Java/Extensions:/System/Library/Java/Extensions:/usr/lib/java:."/>
    <property name="java.vm.info" value="mixed mode"/>
    <property name="java.vendor" value="Oracle Corporation"/>
    <property name="java.vm.version" value="25.231-b11"/>
    <property name="java.ext.dirs" value="/Users/hamzaabbaas/Library/Java/Extensions:/Library/Java/JavaVirtualMachines/jdk1.8.0_231.jdk/Contents/Home/jre/lib/ext:/Library/Java/Extensions:/Network/Library/Java/Extensions:/System/Library/Java/Extensions:/usr/lib/java"/>
    <property name="sun.io.unicode.encoding" value="UnicodeBig"/>
    <property name="java.class.version" value="52.0"/>
    <property name="socksNonProxyHosts" value="local|*.local|169.254/16|*.169.254/16"/>
  </properties>
  <testcase name="verifySearchCriteria[Rome,Italy, 11/12/2020, 11/19/2020](1)" classname="Zameen.Interview_Solution.VerifySearchCriteria" time="10.216">
    <failure message="stale element reference: element is not attached to the page document&#10;  (Session info: chrome=86.0.4240.183)&#10;For documentation on this error, please visit: https://www.seleniumhq.org/exceptions/stale_element_reference.html&#10;Build info: version: &apos;3.141.59&apos;, revision: &apos;e82be7d358&apos;, time: &apos;2018-11-14T08:17:03&apos;&#10;System info: host: &apos;Hamza-Abbas.local&apos;, ip: &apos;fe80:0:0:0:809:4c37:be23:57cd%en0&apos;, os.name: &apos;Mac OS X&apos;, os.arch: &apos;x86_64&apos;, os.version: &apos;10.14.6&apos;, java.version: &apos;1.8.0_231&apos;&#10;Driver info: org.openqa.selenium.chrome.ChromeDriver&#10;Capabilities {acceptInsecureCerts: false, browserName: chrome, browserVersion: 86.0.4240.183, chrome: {chromedriverVersion: 86.0.4240.22 (398b0743353ff..., userDataDir: /var/folders/vl/n_plvhd912x...}, goog:chromeOptions: {debuggerAddress: localhost:63648}, javascriptEnabled: true, networkConnectionEnabled: false, pageLoadStrategy: normal, platform: MAC, platformName: MAC, proxy: Proxy(), setWindowRect: true, strictFileInteractability: false, timeouts: {implicit: 0, pageLoad: 300000, script: 30000}, unhandledPromptBehavior: dismiss and notify, webauthn:virtualAuthenticators: true}&#10;Session ID: 29e87867f889e41903200b3beed9b238" type="org.openqa.selenium.StaleElementReferenceException"><![CDATA[org.openqa.selenium.StaleElementReferenceException: 
stale element reference: element is not attached to the page document
  (Session info: chrome=86.0.4240.183)
For documentation on this error, please visit: https://www.seleniumhq.org/exceptions/stale_element_reference.html
Build info: version: '3.141.59', revision: 'e82be7d358', time: '2018-11-14T08:17:03'
System info: host: 'Hamza-Abbas.local', ip: 'fe80:0:0:0:809:4c37:be23:57cd%en0', os.name: 'Mac OS X', os.arch: 'x86_64', os.version: '10.14.6', java.version: '1.8.0_231'
Driver info: org.openqa.selenium.chrome.ChromeDriver
Capabilities {acceptInsecureCerts: false, browserName: chrome, browserVersion: 86.0.4240.183, chrome: {chromedriverVersion: 86.0.4240.22 (398b0743353ff..., userDataDir: /var/folders/vl/n_plvhd912x...}, goog:chromeOptions: {debuggerAddress: localhost:63648}, javascriptEnabled: true, networkConnectionEnabled: false, pageLoadStrategy: normal, platform: MAC, platformName: MAC, proxy: Proxy(), setWindowRect: true, strictFileInteractability: false, timeouts: {implicit: 0, pageLoad: 300000, script: 30000}, unhandledPromptBehavior: dismiss and notify, webauthn:virtualAuthenticators: true}
Session ID: 29e87867f889e41903200b3beed9b238
	at Zameen.Interview_Solution.VerifySearchCriteria.verifySearchCriteria(VerifySearchCriteria.java:42)
]]></failure>
    <system-out><![CDATA[chrome
]]></system-out>
    <system-err><![CDATA[S[1ta6r0t46i0n0g0 05.986C][WhARNIrNoGm]e:D FrriovmSeorc k8Ad6d.r0 .f424a0i.l2e2d ( 3o9n8 nbe07t4m3as3k5
[31f6f03466f0b010b0852.49688f763][aW3AaR9N3IbN4Ge]2:e 8F9reo-mrSeofcsk/Abdrdra fnacihl-eheda dosn/ 4net24m0a@s{k#
378}) on port 4757
Only local connections are allowed.
Please see https://chromedriver.chromium.org/security-considerations for suggestions on keeping ChromeDriver safe.
ChromeDriver was started successfully.
Nov 05, 2020 11:13:27 PM org.openqa.selenium.remote.ProtocolHandshake createSession
INFO: Detected dialect: W3C
]]></system-err>
  </testcase>
</testsuite>