<?xml version="1.0" encoding="UTF-8"?>
<!-- Generated by org.testng.reporters.JUnitReportReporter -->
<testsuite hostname="DESKTOP-2VGBNK0" name="Zameen.Interview_Solution.VerifySearchCriteria" tests="1" failures="0" timestamp="24 Jul 2020 05:40:08 GMT" time="21.708" errors="0">
  <testcase name="verifySearchCriteria" time="21.708" classname="Zameen.Interview_Solution.VerifySearchCriteria"/>
</testsuite> <!-- Zameen.Interview_Solution.VerifySearchCriteria -->
