<?xml version="1.0" encoding="UTF-8"?>
<!-- Generated by org.testng.reporters.JUnitReportReporter -->
<testsuite hostname="DESKTOP-2VGBNK0" name="Zameen.Interview_Solution.VerifySearchCriteria" tests="1" failures="0" timestamp="23 Jul 2020 19:47:46 GMT" time="20.838" errors="0">
  <testcase name="verifySearchCriteria" time="20.838" classname="Zameen.Interview_Solution.VerifySearchCriteria"/>
</testsuite> <!-- Zameen.Interview_Solution.VerifySearchCriteria -->
