<?xml version="1.0" encoding="UTF-8"?>
<!-- Generated by org.testng.reporters.JUnitReportReporter -->
<testsuite hostname="Hamza-Abbas.local" name="Zameen.Interview_Solution.AppTest" tests="1" failures="0" timestamp="5 Nov 2020 12:25:10 GMT" time="0.003" errors="0">
  <testcase name="shouldAnswerWithTrue" time="0.003" classname="Zameen.Interview_Solution.AppTest"/>
</testsuite> <!-- Zameen.Interview_Solution.AppTest -->
