<?xml version="1.0" encoding="UTF-8"?>
<!-- Generated by org.testng.reporters.JUnitReportReporter -->
<testsuite hostname="DESKTOP-2VGBNK0" name="Zameen.Interview_Solution.VerifyDetailPageFilters" tests="1" failures="0" timestamp="24 Jul 2020 05:40:07 GMT" time="42.852" errors="0">
  <testcase name="verifyPageFilters" time="42.852" classname="Zameen.Interview_Solution.VerifyDetailPageFilters"/>
</testsuite> <!-- Zameen.Interview_Solution.VerifyDetailPageFilters -->
