<?xml version="1.0" encoding="UTF-8"?>
<!-- Generated by org.testng.reporters.JUnitReportReporter -->
<testsuite hostname="DESKTOP-2VGBNK0" name="Zameen.Interview_Solution.VerifyDetailPageFilters" tests="1" failures="0" timestamp="23 Jul 2020 19:47:46 GMT" time="40.139" errors="0">
  <testcase name="verifyPageFilters" time="40.139" classname="Zameen.Interview_Solution.VerifyDetailPageFilters"/>
</testsuite> <!-- Zameen.Interview_Solution.VerifyDetailPageFilters -->
